# JRE version: Java(TM) SE Runtime Environment (17.0.12+8) (build 17.0.12+8-LTS-286)
# Java VM: Java HotSpot(TM) 64-Bit Server VM (17.0.12+8-LTS-286, mixed mode, sharing, tiered, compressed oops, compressed class ptrs, g1 gc, windows-amd64)
GC Precious Log:
 CPUs: 4 total, 4 available
 Memory: 16301M
 Large Page Support: Disabled
 NUMA Support: Disabled
 Compressed Oops: Enabled (32-bit)
 Heap Region Size: 1M
 Heap Min Capacity: 8M
 Heap Initial Capacity: 256M
 Heap Max Capacity: 2G
 Pre-touch: Disabled
 Parallel Workers: 4
 Concurrent Workers: 1
 Concurrent Refinement Workers: 4
 Periodic GC: Disabled
Heap:
 garbage-first heap   total 295936K, used 236950K [0x0000000080000000, 0x0000000100000000)
  region size 1024K, 17 young (17408K), 5 survivors (5120K)
 Metaspace       used 118337K, committed 119680K, reserved 557056K
  class space    used 16219K, committed 16896K, reserved 425984K
GC Heap History (20 events):
Event: 33.426 GC heap before
{Heap before GC invocations=55 (full 0):
 garbage-first heap   total 295936K, used 249742K [0x0000000080000000, 0x0000000100000000)
  region size 1024K, 54 young (55296K), 5 survivors (5120K)
 Metaspace       used 111695K, committed 112768K, reserved 557056K
  class space    used 15488K, committed 16000K, reserved 425984K
}
Event: 33.433 GC heap after
{Heap after GC invocations=56 (full 0):
 garbage-first heap   total 295936K, used 202877K [0x0000000080000000, 0x0000000100000000)
  region size 1024K, 5 young (5120K), 5 survivors (5120K)
 Metaspace       used 111695K, committed 112768K, reserved 557056K
  class space    used 15488K, committed 16000K, reserved 425984K
}
Event: 33.880 GC heap before
{Heap before GC invocations=56 (full 0):
 garbage-first heap   total 295936K, used 249981K [0x0000000080000000, 0x0000000100000000)
  region size 1024K, 52 young (53248K), 5 survivors (5120K)
 Metaspace       used 111803K, committed 112896K, reserved 557056K
  class space    used 15496K, committed 16000K, reserved 425984K
}
Event: 33.887 GC heap after
{Heap after GC invocations=57 (full 0):
 garbage-first heap   total 295936K, used 204839K [0x0000000080000000, 0x0000000100000000)
  region size 1024K, 5 young (5120K), 5 survivors (5120K)
 Metaspace       used 111803K, committed 112896K, reserved 557056K
  class space    used 15496K, committed 16000K, reserved 425984K
}
Event: 34.553 GC heap before
{Heap before GC invocations=57 (full 0):
 garbage-first heap   total 295936K, used 250919K [0x0000000080000000, 0x0000000100000000)
  region size 1024K, 51 young (52224K), 5 survivors (5120K)
 Metaspace       used 112000K, committed 113152K, reserved 557056K
  class space    used 15516K, committed 16064K, reserved 425984K
}
Event: 34.561 GC heap after
{Heap after GC invocations=58 (full 0):
 garbage-first heap   total 295936K, used 206830K [0x0000000080000000, 0x0000000100000000)
  region size 1024K, 4 young (4096K), 4 survivors (4096K)
 Metaspace       used 112000K, committed 113152K, reserved 557056K
  class space    used 15516K, committed 16064K, reserved 425984K
}
Event: 35.031 GC heap before
{Heap before GC invocations=58 (full 0):
 garbage-first heap   total 295936K, used 251886K [0x0000000080000000, 0x0000000100000000)
  region size 1024K, 49 young (50176K), 4 survivors (4096K)
 Metaspace       used 112019K, committed 113152K, reserved 557056K
  class space    used 15517K, committed 16064K, reserved 425984K
}
Event: 35.040 GC heap after
{Heap after GC invocations=59 (full 0):
 garbage-first heap   total 295936K, used 208950K [0x0000000080000000, 0x0000000100000000)
  region size 1024K, 6 young (6144K), 6 survivors (6144K)
 Metaspace       used 112019K, committed 113152K, reserved 557056K
  class space    used 15517K, committed 16064K, reserved 425984K
}
Event: 35.653 GC heap before
{Heap before GC invocations=59 (full 0):
 garbage-first heap   total 295936K, used 258102K [0x0000000080000000, 0x0000000100000000)
  region size 1024K, 50 young (51200K), 6 survivors (6144K)
 Metaspace       used 113514K, committed 114688K, reserved 557056K
  class space    used 15643K, committed 16192K, reserved 425984K
}
Event: 35.663 GC heap after
{Heap after GC invocations=60 (full 0):
 garbage-first heap   total 295936K, used 210650K [0x0000000080000000, 0x0000000100000000)
  region size 1024K, 4 young (4096K), 4 survivors (4096K)
 Metaspace       used 113514K, committed 114688K, reserved 557056K
  class space    used 15643K, committed 16192K, reserved 425984K
}
Event: 36.799 GC heap before
{Heap before GC invocations=60 (full 0):
 garbage-first heap   total 295936K, used 253658K [0x0000000080000000, 0x0000000100000000)
  region size 1024K, 47 young (48128K), 4 survivors (4096K)
 Metaspace       used 115532K, committed 116672K, reserved 557056K
  class space    used 15867K, committed 16384K, reserved 425984K
}
Event: 36.805 GC heap after
{Heap after GC invocations=61 (full 0):
 garbage-first heap   total 295936K, used 211917K [0x0000000080000000, 0x0000000100000000)
  region size 1024K, 5 young (5120K), 5 survivors (5120K)
 Metaspace       used 115532K, committed 116672K, reserved 557056K
  class space    used 15867K, committed 16384K, reserved 425984K
}
Event: 38.514 GC heap before
{Heap before GC invocations=61 (full 0):
 garbage-first heap   total 295936K, used 253901K [0x0000000080000000, 0x0000000100000000)
  region size 1024K, 47 young (48128K), 5 survivors (5120K)
 Metaspace       used 117151K, committed 118400K, reserved 557056K
  class space    used 16104K, committed 16704K, reserved 425984K
}
Event: 38.521 GC heap after
{Heap after GC invocations=62 (full 0):
 garbage-first heap   total 295936K, used 213422K [0x0000000080000000, 0x0000000100000000)
  region size 1024K, 5 young (5120K), 5 survivors (5120K)
 Metaspace       used 117151K, committed 118400K, reserved 557056K
  class space    used 16104K, committed 16704K, reserved 425984K
}
Event: 270.524 GC heap before
{Heap before GC invocations=62 (full 0):
 garbage-first heap   total 295936K, used 255406K [0x0000000080000000, 0x0000000100000000)
  region size 1024K, 46 young (47104K), 5 survivors (5120K)
 Metaspace       used 117668K, committed 118912K, reserved 557056K
  class space    used 16157K, committed 16768K, reserved 425984K
}
Event: 270.532 GC heap after
{Heap after GC invocations=63 (full 0):
 garbage-first heap   total 295936K, used 215310K [0x0000000080000000, 0x0000000100000000)
  region size 1024K, 5 young (5120K), 5 survivors (5120K)
 Metaspace       used 117668K, committed 118912K, reserved 557056K
  class space    used 16157K, committed 16768K, reserved 425984K
}
Event: 271.435 GC heap before
{Heap before GC invocations=63 (full 0):
 garbage-first heap   total 295936K, used 256270K [0x0000000080000000, 0x0000000100000000)
  region size 1024K, 45 young (46080K), 5 survivors (5120K)
 Metaspace       used 118110K, committed 119424K, reserved 557056K
  class space    used 16197K, committed 16832K, reserved 425984K
}
Event: 271.446 GC heap after
{Heap after GC invocations=64 (full 0):
 garbage-first heap   total 295936K, used 220589K [0x0000000080000000, 0x0000000100000000)
  region size 1024K, 6 young (6144K), 6 survivors (6144K)
 Metaspace       used 118110K, committed 119424K, reserved 557056K
  class space    used 16197K, committed 16832K, reserved 425984K
}
Event: 271.941 GC heap before
{Heap before GC invocations=64 (full 0):
 garbage-first heap   total 295936K, used 255405K [0x0000000080000000, 0x0000000100000000)
  region size 1024K, 40 young (40960K), 6 survivors (6144K)
 Metaspace       used 118234K, committed 119552K, reserved 557056K
  class space    used 16202K, committed 16896K, reserved 425984K
}
Event: 271.952 GC heap after
{Heap after GC invocations=65 (full 0):
 garbage-first heap   total 295936K, used 225686K [0x0000000080000000, 0x0000000100000000)
  region size 1024K, 5 young (5120K), 5 survivors (5120K)
 Metaspace       used 118234K, committed 119552K, reserved 557056K
  class space    used 16202K, committed 16896K, reserved 425984K
}

